{"C:\\Users\\karan\\Downloads\\Midterm-main\\Midterm-main\\calculator.js": {"path":"C:\\Users\\karan\\Downloads\\Midterm-main\\Midterm-main\\calculator.js","statementMap":{"0":{"start":{"line":3,"column":4},"end":{"line":3,"column":17}},"1":{"start":{"line":7,"column":4},"end":{"line":7,"column":17}},"2":{"start":{"line":11,"column":4},"end":{"line":11,"column":17}},"3":{"start":{"line":15,"column":4},"end":{"line":17,"column":5}},"4":{"start":{"line":16,"column":6},"end":{"line":16,"column":42}},"5":{"start":{"line":18,"column":4},"end":{"line":18,"column":17}},"6":{"start":{"line":22,"column":4},"end":{"line":22,"column":23}},"7":{"start":{"line":26,"column":4},"end":{"line":32,"column":5}},"8":{"start":{"line":27,"column":6},"end":{"line":27,"column":25}},"9":{"start":{"line":28,"column":11},"end":{"line":32,"column":5}},"10":{"start":{"line":29,"column":6},"end":{"line":29,"column":17}},"11":{"start":{"line":31,"column":6},"end":{"line":31,"column":25}},"12":{"start":{"line":36,"column":4},"end":{"line":36,"column":23}},"13":{"start":{"line":40,"column":4},"end":{"line":40,"column":23}},"14":{"start":{"line":44,"column":4},"end":{"line":48,"column":5}},"15":{"start":{"line":45,"column":6},"end":{"line":45,"column":24}},"16":{"start":{"line":47,"column":6},"end":{"line":47,"column":25}},"17":{"start":{"line":52,"column":16},"end":{"line":52,"column":17}},"18":{"start":{"line":54,"column":4},"end":{"line":56,"column":5}},"19":{"start":{"line":55,"column":6},"end":{"line":55,"column":52}},"20":{"start":{"line":57,"column":4},"end":{"line":60,"column":3}},"21":{"start":{"line":58,"column":6},"end":{"line":58,"column":18}},"22":{"start":{"line":60,"column":4},"end":{"line":60,"column":18}},"23":{"start":{"line":64,"column":4},"end":{"line":64,"column":24}},"24":{"start":{"line":68,"column":4},"end":{"line":72,"column":5}},"25":{"start":{"line":69,"column":6},"end":{"line":69,"column":23}},"26":{"start":{"line":71,"column":6},"end":{"line":71,"column":26}},"27":{"start":{"line":76,"column":4},"end":{"line":76,"column":26}},"28":{"start":{"line":80,"column":14},"end":{"line":82,"column":9}},"29":{"start":{"line":81,"column":6},"end":{"line":81,"column":25}},"30":{"start":{"line":83,"column":14},"end":{"line":83,"column":28}},"31":{"start":{"line":84,"column":4},"end":{"line":86,"column":28}},"32":{"start":{"line":85,"column":12},"end":{"line":85,"column":45}},"33":{"start":{"line":90,"column":4},"end":{"line":90,"column":19}},"34":{"start":{"line":94,"column":4},"end":{"line":94,"column":19}},"35":{"start":{"line":98,"column":4},"end":{"line":98,"column":23}},"36":{"start":{"line":102,"column":14},"end":{"line":104,"column":9}},"37":{"start":{"line":103,"column":6},"end":{"line":103,"column":25}},"38":{"start":{"line":105,"column":14},"end":{"line":105,"column":28}},"39":{"start":{"line":106,"column":4},"end":{"line":108,"column":23}},"40":{"start":{"line":107,"column":6},"end":{"line":107,"column":39}},"41":{"start":{"line":112,"column":4},"end":{"line":112,"column":47}},"42":{"start":{"line":115,"column":4},"end":{"line":115,"column":22}},"43":{"start":{"line":119,"column":4},"end":{"line":119,"column":49}},"44":{"start":{"line":123,"column":0},"end":{"line":123,"column":28}}},"fnMap":{"0":{"name":"(anonymous_0)","decl":{"start":{"line":2,"column":2},"end":{"line":2,"column":3}},"loc":{"start":{"line":2,"column":12},"end":{"line":4,"column":3}},"line":2},"1":{"name":"(anonymous_1)","decl":{"start":{"line":6,"column":2},"end":{"line":6,"column":3}},"loc":{"start":{"line":6,"column":12},"end":{"line":8,"column":3}},"line":6},"2":{"name":"(anonymous_2)","decl":{"start":{"line":10,"column":2},"end":{"line":10,"column":3}},"loc":{"start":{"line":10,"column":12},"end":{"line":12,"column":3}},"line":10},"3":{"name":"(anonymous_3)","decl":{"start":{"line":14,"column":2},"end":{"line":14,"column":3}},"loc":{"start":{"line":14,"column":12},"end":{"line":19,"column":3}},"line":14},"4":{"name":"(anonymous_4)","decl":{"start":{"line":21,"column":2},"end":{"line":21,"column":3}},"loc":{"start":{"line":21,"column":9},"end":{"line":23,"column":3}},"line":21},"5":{"name":"(anonymous_5)","decl":{"start":{"line":25,"column":2},"end":{"line":25,"column":3}},"loc":{"start":{"line":25,"column":9},"end":{"line":33,"column":3}},"line":25},"6":{"name":"(anonymous_6)","decl":{"start":{"line":35,"column":2},"end":{"line":35,"column":3}},"loc":{"start":{"line":35,"column":9},"end":{"line":37,"column":3}},"line":35},"7":{"name":"(anonymous_7)","decl":{"start":{"line":39,"column":2},"end":{"line":39,"column":3}},"loc":{"start":{"line":39,"column":9},"end":{"line":41,"column":3}},"line":39},"8":{"name":"(anonymous_8)","decl":{"start":{"line":43,"column":2},"end":{"line":43,"column":3}},"loc":{"start":{"line":43,"column":9},"end":{"line":49,"column":3}},"line":43},"9":{"name":"(anonymous_9)","decl":{"start":{"line":51,"column":3},"end":{"line":51,"column":4}},"loc":{"start":{"line":51,"column":11},"end":{"line":61,"column":3}},"line":51},"10":{"name":"(anonymous_10)","decl":{"start":{"line":63,"column":2},"end":{"line":63,"column":3}},"loc":{"start":{"line":63,"column":16},"end":{"line":65,"column":3}},"line":63},"11":{"name":"(anonymous_11)","decl":{"start":{"line":67,"column":2},"end":{"line":67,"column":3}},"loc":{"start":{"line":67,"column":10},"end":{"line":73,"column":3}},"line":67},"12":{"name":"(anonymous_12)","decl":{"start":{"line":75,"column":2},"end":{"line":75,"column":3}},"loc":{"start":{"line":75,"column":12},"end":{"line":77,"column":3}},"line":75},"13":{"name":"(anonymous_13)","decl":{"start":{"line":79,"column":2},"end":{"line":79,"column":3}},"loc":{"start":{"line":79,"column":8},"end":{"line":87,"column":3}},"line":79},"14":{"name":"(anonymous_14)","decl":{"start":{"line":80,"column":23},"end":{"line":80,"column":24}},"loc":{"start":{"line":80,"column":43},"end":{"line":82,"column":5}},"line":80},"15":{"name":"(anonymous_15)","decl":{"start":{"line":84,"column":30},"end":{"line":84,"column":31}},"loc":{"start":{"line":84,"column":47},"end":{"line":86,"column":9}},"line":84},"16":{"name":"(anonymous_16)","decl":{"start":{"line":89,"column":2},"end":{"line":89,"column":3}},"loc":{"start":{"line":89,"column":15},"end":{"line":91,"column":3}},"line":89},"17":{"name":"(anonymous_17)","decl":{"start":{"line":93,"column":2},"end":{"line":93,"column":3}},"loc":{"start":{"line":93,"column":15},"end":{"line":95,"column":3}},"line":93},"18":{"name":"(anonymous_18)","decl":{"start":{"line":97,"column":2},"end":{"line":97,"column":3}},"loc":{"start":{"line":97,"column":13},"end":{"line":99,"column":3}},"line":97},"19":{"name":"(anonymous_19)","decl":{"start":{"line":101,"column":2},"end":{"line":101,"column":3}},"loc":{"start":{"line":101,"column":13},"end":{"line":109,"column":3}},"line":101},"20":{"name":"(anonymous_20)","decl":{"start":{"line":102,"column":23},"end":{"line":102,"column":24}},"loc":{"start":{"line":102,"column":43},"end":{"line":104,"column":5}},"line":102},"21":{"name":"(anonymous_21)","decl":{"start":{"line":106,"column":20},"end":{"line":106,"column":21}},"loc":{"start":{"line":106,"column":37},"end":{"line":108,"column":5}},"line":106},"22":{"name":"(anonymous_22)","decl":{"start":{"line":111,"column":2},"end":{"line":111,"column":3}},"loc":{"start":{"line":111,"column":9},"end":{"line":113,"column":3}},"line":111},"23":{"name":"(anonymous_23)","decl":{"start":{"line":114,"column":2},"end":{"line":114,"column":3}},"loc":{"start":{"line":114,"column":21},"end":{"line":116,"column":3}},"line":114},"24":{"name":"(anonymous_24)","decl":{"start":{"line":118,"column":2},"end":{"line":118,"column":3}},"loc":{"start":{"line":118,"column":9},"end":{"line":120,"column":3}},"line":118}},"branchMap":{"0":{"loc":{"start":{"line":15,"column":4},"end":{"line":17,"column":5}},"type":"if","locations":[{"start":{"line":15,"column":4},"end":{"line":17,"column":5}},{"start":{"line":15,"column":4},"end":{"line":17,"column":5}}],"line":15},"1":{"loc":{"start":{"line":26,"column":4},"end":{"line":32,"column":5}},"type":"if","locations":[{"start":{"line":26,"column":4},"end":{"line":32,"column":5}},{"start":{"line":26,"column":4},"end":{"line":32,"column":5}}],"line":26},"2":{"loc":{"start":{"line":28,"column":11},"end":{"line":32,"column":5}},"type":"if","locations":[{"start":{"line":28,"column":11},"end":{"line":32,"column":5}},{"start":{"line":28,"column":11},"end":{"line":32,"column":5}}],"line":28},"3":{"loc":{"start":{"line":44,"column":4},"end":{"line":48,"column":5}},"type":"if","locations":[{"start":{"line":44,"column":4},"end":{"line":48,"column":5}},{"start":{"line":44,"column":4},"end":{"line":48,"column":5}}],"line":44},"4":{"loc":{"start":{"line":54,"column":4},"end":{"line":56,"column":5}},"type":"if","locations":[{"start":{"line":54,"column":4},"end":{"line":56,"column":5}},{"start":{"line":54,"column":4},"end":{"line":56,"column":5}}],"line":54},"5":{"loc":{"start":{"line":68,"column":4},"end":{"line":72,"column":5}},"type":"if","locations":[{"start":{"line":68,"column":4},"end":{"line":72,"column":5}},{"start":{"line":68,"column":4},"end":{"line":72,"column":5}}],"line":68}},"s":{"0":1,"1":2,"2":1,"3":2,"4":1,"5":1,"6":1,"7":0,"8":0,"9":0,"10":0,"11":0,"12":0,"13":0,"14":0,"15":0,"16":0,"17":2,"18":2,"19":1,"20":1,"21":4,"22":1,"23":1,"24":1,"25":1,"26":0,"27":1,"28":1,"29":5,"30":1,"31":1,"32":5,"33":1,"34":0,"35":0,"36":1,"37":5,"38":1,"39":1,"40":5,"41":1,"42":0,"43":1,"44":1},"f":{"0":1,"1":2,"2":1,"3":2,"4":1,"5":0,"6":0,"7":0,"8":0,"9":2,"10":1,"11":1,"12":1,"13":1,"14":5,"15":5,"16":1,"17":0,"18":0,"19":1,"20":5,"21":5,"22":1,"23":0,"24":1},"b":{"0":[1,1],"1":[0,0],"2":[0,0],"3":[0,0],"4":[1,1],"5":[1,0]},"_coverageSchema":"332fd63041d2c1bcb487cc26dd0d5f7d97098a6c","hash":"fb5185906ee779d54ec0138de04abb73197c20e9"}
}
