TN:
SF:D:\GOW4\CPSC-2350\test_docker\Assignment4\calculator.js
FN:2,(anonymous_0)
FN:6,(anonymous_1)
FN:10,(anonymous_2)
FN:14,(anonymous_3)
FN:21,(anonymous_4)
FN:25,(anonymous_5)
FN:35,(anonymous_6)
FN:39,(anonymous_7)
FN:43,(anonymous_8)
FN:51,(anonymous_9)
FN:63,(anonymous_10)
FN:67,(anonymous_11)
FN:75,(anonymous_12)
FN:79,(anonymous_13)
FN:80,(anonymous_14)
FN:84,(anonymous_15)
FN:89,(anonymous_16)
FN:93,(anonymous_17)
FN:97,(anonymous_18)
FN:101,(anonymous_19)
FN:102,(anonymous_20)
FN:106,(anonymous_21)
FN:111,(anonymous_22)
FN:114,(anonymous_23)
FN:118,(anonymous_24)
FNF:25
FNH:18
FNDA:1,(anonymous_0)
FNDA:2,(anonymous_1)
FNDA:1,(anonymous_2)
FNDA:2,(anonymous_3)
FNDA:1,(anonymous_4)
FNDA:0,(anonymous_5)
FNDA:0,(anonymous_6)
FNDA:0,(anonymous_7)
FNDA:0,(anonymous_8)
FNDA:2,(anonymous_9)
FNDA:1,(anonymous_10)
FNDA:1,(anonymous_11)
FNDA:1,(anonymous_12)
FNDA:1,(anonymous_13)
FNDA:5,(anonymous_14)
FNDA:5,(anonymous_15)
FNDA:1,(anonymous_16)
FNDA:0,(anonymous_17)
FNDA:0,(anonymous_18)
FNDA:1,(anonymous_19)
FNDA:5,(anonymous_20)
FNDA:5,(anonymous_21)
FNDA:1,(anonymous_22)
FNDA:0,(anonymous_23)
FNDA:1,(anonymous_24)
DA:3,1
DA:7,2
DA:11,1
DA:15,2
DA:16,1
DA:18,1
DA:22,1
DA:26,0
DA:27,0
DA:28,0
DA:29,0
DA:31,0
DA:36,0
DA:40,0
DA:44,0
DA:45,0
DA:47,0
DA:52,2
DA:54,2
DA:55,1
DA:57,1
DA:58,4
DA:60,1
DA:64,1
DA:68,1
DA:69,1
DA:71,0
DA:76,1
DA:80,1
DA:81,5
DA:83,1
DA:84,1
DA:85,5
DA:90,1
DA:94,0
DA:98,0
DA:102,1
DA:103,5
DA:105,1
DA:106,1
DA:107,5
DA:112,1
DA:115,0
DA:119,1
DA:123,1
LF:45
LH:31
BRDA:15,0,0,1
BRDA:15,0,1,1
BRDA:26,1,0,0
BRDA:26,1,1,0
BRDA:28,2,0,0
BRDA:28,2,1,0
BRDA:44,3,0,0
BRDA:44,3,1,0
BRDA:54,4,0,1
BRDA:54,4,1,1
BRDA:68,5,0,1
BRDA:68,5,1,0
BRF:12
BRH:5
end_of_record
